<?xml version="1.0" encoding="UTF-8"?>
<!-- Generated by org.testng.reporters.JUnitReportReporter -->
<testsuite skipped="0" hostname="DESKTOP-BSR4KSA" name="api.Test.UserTests2" tests="4" failures="0" timestamp="2023-02-09T19:24:53 CST" time="4.101" errors="0">
  <testcase name="testPostUser" time="2.645" classname="api.Test.UserTests2"/>
  <testcase name="testGetUserByName" time="0.403" classname="api.Test.UserTests2"/>
  <testcase name="testUpdateUserByName" time="0.687" classname="api.Test.UserTests2"/>
  <testcase name="testDeleteUserByName" time="0.366" classname="api.Test.UserTests2"/>
</testsuite> <!-- api.Test.UserTests2 -->
