<?xml version="1.0" encoding="UTF-8"?>
<!-- Generated by org.testng.reporters.JUnitReportReporter -->
<testsuite skipped="0" hostname="DESKTOP-BSR4KSA" name="api.Test.UserTests" tests="4" failures="0" timestamp="2023-02-11T00:05:10 CST" time="4.637" errors="0">
  <testcase name="testPostUser" time="3.215" classname="api.Test.UserTests"/>
  <testcase name="testGetUserByName" time="0.398" classname="api.Test.UserTests"/>
  <testcase name="testUpdateUserByName" time="0.683" classname="api.Test.UserTests"/>
  <testcase name="testDeleteUserByName" time="0.341" classname="api.Test.UserTests"/>
</testsuite> <!-- api.Test.UserTests -->
