<?xml version="1.0" encoding="UTF-8"?>
<!-- Generated by org.testng.reporters.JUnitReportReporter -->
<testsuite skipped="0" hostname="DESKTOP-BSR4KSA" name="api.Test.DDTest" tests="6" failures="0" timestamp="2023-02-08T20:10:55 CST" time="4.480" errors="0">
  <testcase name="testPostUser" time="0.418" classname="api.Test.DDTest"/>
  <testcase name="testPostUser" time="2.251" classname="api.Test.DDTest"/>
  <testcase name="testPostUser" time="0.591" classname="api.Test.DDTest"/>
  <testcase name="testDelectUserByName" time="0.371" classname="api.Test.DDTest"/>
  <testcase name="testDelectUserByName" time="0.411" classname="api.Test.DDTest"/>
  <testcase name="testDelectUserByName" time="0.438" classname="api.Test.DDTest"/>
</testsuite> <!-- api.Test.DDTest -->
