<?xml version="1.0" encoding="UTF-8"?>
<!-- Generated by org.testng.reporters.JUnitReportReporter -->
<testsuite skipped="0" hostname="DESKTOP-BSR4KSA" name="api.Test.DDTest" tests="6" failures="0" timestamp="2023-02-09T22:26:08 CST" time="4.857" errors="0">
  <testcase name="testPostUser" time="0.354" classname="api.Test.DDTest"/>
  <testcase name="testPostUser" time="0.350" classname="api.Test.DDTest"/>
  <testcase name="testPostUser" time="2.741" classname="api.Test.DDTest"/>
  <testcase name="testDelectUserByName" time="0.366" classname="api.Test.DDTest"/>
  <testcase name="testDelectUserByName" time="0.391" classname="api.Test.DDTest"/>
  <testcase name="testDelectUserByName" time="0.655" classname="api.Test.DDTest"/>
</testsuite> <!-- api.Test.DDTest -->
