<?xml version="1.0" encoding="UTF-8"?>
<!-- Generated by org.testng.reporters.JUnitReportReporter -->
<testsuite skipped="0" hostname="DESKTOP-BSR4KSA" name="api.Test.UserTests" tests="4" failures="0" timestamp="2023-02-09T22:26:08 CST" time="1.889" errors="0">
  <testcase name="testPostUser" time="0.421" classname="api.Test.UserTests"/>
  <testcase name="testGetUserByName" time="0.367" classname="api.Test.UserTests"/>
  <testcase name="testUpdateUserByName" time="0.764" classname="api.Test.UserTests"/>
  <testcase name="testDeleteUserByName" time="0.337" classname="api.Test.UserTests"/>
</testsuite> <!-- api.Test.UserTests -->
