<?xml version="1.0" encoding="UTF-8"?>
<!-- Generated by org.testng.reporters.JUnitReportReporter -->
<testsuite skipped="0" hostname="DESKTOP-BSR4KSA" name="api.Test.UserTests2" tests="4" failures="0" timestamp="2023-02-11T23:59:03 CST" time="3.988" errors="0">
  <testcase name="testPostUser" time="2.514" classname="api.Test.UserTests2"/>
  <testcase name="testGetUserByName" time="0.378" classname="api.Test.UserTests2"/>
  <testcase name="testUpdateUserByName" time="0.727" classname="api.Test.UserTests2"/>
  <testcase name="testDeleteUserByName" time="0.369" classname="api.Test.UserTests2"/>
</testsuite> <!-- api.Test.UserTests2 -->
